{
  "defectsList" : [ {
    "title" : "Product defects",
    "status" : "FAILED",
    "defects" : [ {
      "uid" : "a73d15d04641658b",
      "failure" : {
        "message" : "Failed: No element found using locator: By(xpath, //button[@ng-click='deleteCust(cust)'])",
        "stackTrace" : "NoSuchElementError: No element found using locator: By(xpath, //button[@ng-click='deleteCust(cust)'])\n    at elementArrayFinder.getWebElements.then (C:\\Users\\Prashant\\AppData\\Roaming\\npm\\node_modules\\protractor\\built\\element.js:814:27)\n    at ManagedPromise.invokeCallback_ (C:\\Users\\Prashant\\AppData\\Roaming\\npm\\node_modules\\protractor\\node_modules\\selenium-webdriver\\lib\\promise.js:1376:14)\n    at TaskQueue.execute_ (C:\\Users\\Prashant\\AppData\\Roaming\\npm\\node_modules\\protractor\\node_modules\\selenium-webdriver\\lib\\promise.js:3084:14)\n    at TaskQueue.executeNext_ (C:\\Users\\Prashant\\AppData\\Roaming\\npm\\node_modules\\protractor\\node_modules\\selenium-webdriver\\lib\\promise.js:3067:27)\n    at asyncRun (C:\\Users\\Prashant\\AppData\\Roaming\\npm\\node_modules\\protractor\\node_modules\\selenium-webdriver\\lib\\promise.js:2927:27)\n    at C:\\Users\\Prashant\\AppData\\Roaming\\npm\\node_modules\\protractor\\node_modules\\selenium-webdriver\\lib\\promise.js:668:7\n    at <anonymous>\n    at process._tickCallback (internal/process/next_tick.js:188:7)Error\n    at ElementArrayFinder.applyAction_ (C:\\Users\\Prashant\\AppData\\Roaming\\npm\\node_modules\\protractor\\built\\element.js:459:27)\n    at ElementArrayFinder.(anonymous function).args [as click] (C:\\Users\\Prashant\\AppData\\Roaming\\npm\\node_modules\\protractor\\built\\element.js:91:29)\n    at ElementFinder.(anonymous function).args [as click] (C:\\Users\\Prashant\\AppData\\Roaming\\npm\\node_modules\\protractor\\built\\element.js:831:22)\n    at customerSearch.custDelete (C:\\Users\\Prashant\\BankingProjectWS\\BankingProject\\pages\\customerSearch.js:17:23)\n    at UserContext.<anonymous> (C:\\Users\\Prashant\\BankingProjectWS\\BankingProject\\test_specs\\customerSearch_spec.js:9:13)\n    at C:\\Users\\Prashant\\AppData\\Roaming\\npm\\node_modules\\protractor\\node_modules\\jasminewd2\\index.js:112:25\n    at new ManagedPromise (C:\\Users\\Prashant\\AppData\\Roaming\\npm\\node_modules\\protractor\\node_modules\\selenium-webdriver\\lib\\promise.js:1077:7)\n    at ControlFlow.promise (C:\\Users\\Prashant\\AppData\\Roaming\\npm\\node_modules\\protractor\\node_modules\\selenium-webdriver\\lib\\promise.js:2505:12)\n    at schedulerExecute (C:\\Users\\Prashant\\AppData\\Roaming\\npm\\node_modules\\protractor\\node_modules\\jasminewd2\\index.js:95:18)\n    at TaskQueue.execute_ (C:\\Users\\Prashant\\AppData\\Roaming\\npm\\node_modules\\protractor\\node_modules\\selenium-webdriver\\lib\\promise.js:3084:14)\nFrom: Task: Run it(\"Search for the customer\") in control flow\n    at UserContext.<anonymous> (C:\\Users\\Prashant\\AppData\\Roaming\\npm\\node_modules\\protractor\\node_modules\\jasminewd2\\index.js:94:19)\n    at attempt (C:\\Users\\Prashant\\AppData\\Roaming\\npm\\node_modules\\protractor\\node_modules\\jasmine-core\\lib\\jasmine-core\\jasmine.js:4297:26)\n    at QueueRunner.run (C:\\Users\\Prashant\\AppData\\Roaming\\npm\\node_modules\\protractor\\node_modules\\jasmine-core\\lib\\jasmine-core\\jasmine.js:4217:20)\n    at QueueRunner.execute (C:\\Users\\Prashant\\AppData\\Roaming\\npm\\node_modules\\protractor\\node_modules\\jasmine-core\\lib\\jasmine-core\\jasmine.js:4199:10)\n    at Spec.queueRunnerFactory (C:\\Users\\Prashant\\AppData\\Roaming\\npm\\node_modules\\protractor\\node_modules\\jasmine-core\\lib\\jasmine-core\\jasmine.js:909:35)\n    at Spec.execute (C:\\Users\\Prashant\\AppData\\Roaming\\npm\\node_modules\\protractor\\node_modules\\jasmine-core\\lib\\jasmine-core\\jasmine.js:526:10)\n    at UserContext.fn (C:\\Users\\Prashant\\AppData\\Roaming\\npm\\node_modules\\protractor\\node_modules\\jasmine-core\\lib\\jasmine-core\\jasmine.js:5340:37)\n    at attempt (C:\\Users\\Prashant\\AppData\\Roaming\\npm\\node_modules\\protractor\\node_modules\\jasmine-core\\lib\\jasmine-core\\jasmine.js:4297:26)\n    at QueueRunner.run (C:\\Users\\Prashant\\AppData\\Roaming\\npm\\node_modules\\protractor\\node_modules\\jasmine-core\\lib\\jasmine-core\\jasmine.js:4217:20)\n    at QueueRunner.execute (C:\\Users\\Prashant\\AppData\\Roaming\\npm\\node_modules\\protractor\\node_modules\\jasmine-core\\lib\\jasmine-core\\jasmine.js:4199:10)\nFrom asynchronous test: \nError\n    at Suite.<anonymous> (C:\\Users\\Prashant\\BankingProjectWS\\BankingProject\\test_specs\\customerSearch_spec.js:6:2)\n    at addSpecsToSuite (C:\\Users\\Prashant\\AppData\\Roaming\\npm\\node_modules\\protractor\\node_modules\\jasmine-core\\lib\\jasmine-core\\jasmine.js:1107:25)\n    at Env.describe (C:\\Users\\Prashant\\AppData\\Roaming\\npm\\node_modules\\protractor\\node_modules\\jasmine-core\\lib\\jasmine-core\\jasmine.js:1074:7)\n    at describe (C:\\Users\\Prashant\\AppData\\Roaming\\npm\\node_modules\\protractor\\node_modules\\jasmine-core\\lib\\jasmine-core\\jasmine.js:4399:18)\n    at Object.<anonymous> (C:\\Users\\Prashant\\BankingProjectWS\\BankingProject\\test_specs\\customerSearch_spec.js:5:1)\n    at Module._compile (module.js:652:30)\n    at Object.Module._extensions..js (module.js:663:10)\n    at Module.load (module.js:565:32)\n    at tryModuleLoad (module.js:505:12)"
      },
      "testCases" : [ {
        "uid" : "47ccf169ab709847",
        "name" : "Search for the customer",
        "title" : "Search for the customer",
        "time" : {
          "start" : 1539418507681,
          "stop" : 1539418614255,
          "duration" : 106574
        },
        "severity" : "NORMAL",
        "status" : "FAILED"
      } ]
    }, {
      "uid" : "4ed002d69dfd7fb1",
      "failure" : {
        "message" : "Failed: no such window: target window already closed\nfrom unknown error: web view not found\n  (Session info: chrome=69.0.3497.100)\n  (Driver info: chromedriver=2.41.578737 (49da6702b16031c40d63e5618de03a32ff6c197e),platform=Windows NT 10.0.17134 x86_64)",
        "stackTrace" : "NoSuchWindowError: no such window: target window already closed\nfrom unknown error: web view not found\n  (Session info: chrome=69.0.3497.100)\n  (Driver info: chromedriver=2.41.578737 (49da6702b16031c40d63e5618de03a32ff6c197e),platform=Windows NT 10.0.17134 x86_64)\n    at Object.checkLegacyResponse (C:\\Users\\Prashant\\AppData\\Roaming\\npm\\node_modules\\protractor\\node_modules\\selenium-webdriver\\lib\\error.js:546:15)\n    at parseHttpResponse (C:\\Users\\Prashant\\AppData\\Roaming\\npm\\node_modules\\protractor\\node_modules\\selenium-webdriver\\lib\\http.js:509:13)\n    at doSend.then.response (C:\\Users\\Prashant\\AppData\\Roaming\\npm\\node_modules\\protractor\\node_modules\\selenium-webdriver\\lib\\http.js:441:30)\n    at <anonymous>\n    at process._tickCallback (internal/process/next_tick.js:188:7)\nFrom: Task: Protractor.waitForAngular() - Locator: By(xpath, //select[@id='userSelect']/option[text()='Harry Potter'])\n    at Driver.schedule (C:\\Users\\Prashant\\AppData\\Roaming\\npm\\node_modules\\protractor\\node_modules\\selenium-webdriver\\lib\\webdriver.js:807:17)\n    at ProtractorBrowser.executeAsyncScript_ (C:\\Users\\Prashant\\AppData\\Roaming\\npm\\node_modules\\protractor\\built\\browser.js:425:28)\n    at angularAppRoot.then (C:\\Users\\Prashant\\AppData\\Roaming\\npm\\node_modules\\protractor\\built\\browser.js:456:33)\n    at ManagedPromise.invokeCallback_ (C:\\Users\\Prashant\\AppData\\Roaming\\npm\\node_modules\\protractor\\node_modules\\selenium-webdriver\\lib\\promise.js:1376:14)\n    at TaskQueue.execute_ (C:\\Users\\Prashant\\AppData\\Roaming\\npm\\node_modules\\protractor\\node_modules\\selenium-webdriver\\lib\\promise.js:3084:14)\n    at TaskQueue.executeNext_ (C:\\Users\\Prashant\\AppData\\Roaming\\npm\\node_modules\\protractor\\node_modules\\selenium-webdriver\\lib\\promise.js:3067:27)\n    at asyncRun (C:\\Users\\Prashant\\AppData\\Roaming\\npm\\node_modules\\protractor\\node_modules\\selenium-webdriver\\lib\\promise.js:2927:27)\n    at C:\\Users\\Prashant\\AppData\\Roaming\\npm\\node_modules\\protractor\\node_modules\\selenium-webdriver\\lib\\promise.js:668:7\n    at <anonymous>Error\n    at ElementArrayFinder.applyAction_ (C:\\Users\\Prashant\\AppData\\Roaming\\npm\\node_modules\\protractor\\built\\element.js:459:27)\n    at ElementArrayFinder.(anonymous function).args [as click] (C:\\Users\\Prashant\\AppData\\Roaming\\npm\\node_modules\\protractor\\built\\element.js:91:29)\n    at ElementFinder.(anonymous function).args [as click] (C:\\Users\\Prashant\\AppData\\Roaming\\npm\\node_modules\\protractor\\built\\element.js:831:22)\n    at selectCustomer.custSelect (C:\\Users\\Prashant\\BankingProjectWS\\BankingProject\\pages\\selectCustomer.js:8:95)\n    at UserContext.<anonymous> (C:\\Users\\Prashant\\BankingProjectWS\\BankingProject\\test_specs\\selectCustomer_spec.js:5:11)\n    at C:\\Users\\Prashant\\AppData\\Roaming\\npm\\node_modules\\protractor\\node_modules\\jasminewd2\\index.js:112:25\n    at new ManagedPromise (C:\\Users\\Prashant\\AppData\\Roaming\\npm\\node_modules\\protractor\\node_modules\\selenium-webdriver\\lib\\promise.js:1077:7)\n    at ControlFlow.promise (C:\\Users\\Prashant\\AppData\\Roaming\\npm\\node_modules\\protractor\\node_modules\\selenium-webdriver\\lib\\promise.js:2505:12)\n    at schedulerExecute (C:\\Users\\Prashant\\AppData\\Roaming\\npm\\node_modules\\protractor\\node_modules\\jasminewd2\\index.js:95:18)\n    at TaskQueue.execute_ (C:\\Users\\Prashant\\AppData\\Roaming\\npm\\node_modules\\protractor\\node_modules\\selenium-webdriver\\lib\\promise.js:3084:14)\nFrom: Task: Run it(\"Select customer to login\") in control flow\n    at UserContext.<anonymous> (C:\\Users\\Prashant\\AppData\\Roaming\\npm\\node_modules\\protractor\\node_modules\\jasminewd2\\index.js:94:19)\n    at attempt (C:\\Users\\Prashant\\AppData\\Roaming\\npm\\node_modules\\protractor\\node_modules\\jasmine-core\\lib\\jasmine-core\\jasmine.js:4297:26)\n    at QueueRunner.run (C:\\Users\\Prashant\\AppData\\Roaming\\npm\\node_modules\\protractor\\node_modules\\jasmine-core\\lib\\jasmine-core\\jasmine.js:4217:20)\n    at QueueRunner.execute (C:\\Users\\Prashant\\AppData\\Roaming\\npm\\node_modules\\protractor\\node_modules\\jasmine-core\\lib\\jasmine-core\\jasmine.js:4199:10)\n    at Spec.queueRunnerFactory (C:\\Users\\Prashant\\AppData\\Roaming\\npm\\node_modules\\protractor\\node_modules\\jasmine-core\\lib\\jasmine-core\\jasmine.js:909:35)\n    at Spec.execute (C:\\Users\\Prashant\\AppData\\Roaming\\npm\\node_modules\\protractor\\node_modules\\jasmine-core\\lib\\jasmine-core\\jasmine.js:526:10)\n    at UserContext.fn (C:\\Users\\Prashant\\AppData\\Roaming\\npm\\node_modules\\protractor\\node_modules\\jasmine-core\\lib\\jasmine-core\\jasmine.js:5340:37)\n    at attempt (C:\\Users\\Prashant\\AppData\\Roaming\\npm\\node_modules\\protractor\\node_modules\\jasmine-core\\lib\\jasmine-core\\jasmine.js:4297:26)\n    at QueueRunner.run (C:\\Users\\Prashant\\AppData\\Roaming\\npm\\node_modules\\protractor\\node_modules\\jasmine-core\\lib\\jasmine-core\\jasmine.js:4217:20)\n    at QueueRunner.execute (C:\\Users\\Prashant\\AppData\\Roaming\\npm\\node_modules\\protractor\\node_modules\\jasmine-core\\lib\\jasmine-core\\jasmine.js:4199:10)\nFrom asynchronous test: \nError\n    at Suite.<anonymous> (C:\\Users\\Prashant\\BankingProjectWS\\BankingProject\\test_specs\\selectCustomer_spec.js:4:2)\n    at addSpecsToSuite (C:\\Users\\Prashant\\AppData\\Roaming\\npm\\node_modules\\protractor\\node_modules\\jasmine-core\\lib\\jasmine-core\\jasmine.js:1107:25)\n    at Env.describe (C:\\Users\\Prashant\\AppData\\Roaming\\npm\\node_modules\\protractor\\node_modules\\jasmine-core\\lib\\jasmine-core\\jasmine.js:1074:7)\n    at describe (C:\\Users\\Prashant\\AppData\\Roaming\\npm\\node_modules\\protractor\\node_modules\\jasmine-core\\lib\\jasmine-core\\jasmine.js:4399:18)\n    at Object.<anonymous> (C:\\Users\\Prashant\\BankingProjectWS\\BankingProject\\test_specs\\selectCustomer_spec.js:3:1)\n    at Module._compile (module.js:652:30)\n    at Object.Module._extensions..js (module.js:663:10)\n    at Module.load (module.js:565:32)\n    at tryModuleLoad (module.js:505:12)"
      },
      "testCases" : [ {
        "uid" : "bb360b7e55bbfbd1",
        "name" : "Select customer to login",
        "title" : "Select customer to login",
        "time" : {
          "start" : 1539419045609,
          "stop" : 1539419045682,
          "duration" : 73
        },
        "severity" : "NORMAL",
        "status" : "FAILED"
      } ]
    }, {
      "uid" : "b7ae53786b57d86e",
      "failure" : {
        "message" : "Failed: No element found using locator: By(xpath, //button[@ng-class='btnClass1'][contains(text(),'Add Customer')])",
        "stackTrace" : "NoSuchElementError: No element found using locator: By(xpath, //button[@ng-class='btnClass1'][contains(text(),'Add Customer')])\n    at elementArrayFinder.getWebElements.then (C:\\Users\\Prashant\\AppData\\Roaming\\npm\\node_modules\\protractor\\built\\element.js:814:27)\n    at ManagedPromise.invokeCallback_ (C:\\Users\\Prashant\\AppData\\Roaming\\npm\\node_modules\\protractor\\node_modules\\selenium-webdriver\\lib\\promise.js:1376:14)\n    at TaskQueue.execute_ (C:\\Users\\Prashant\\AppData\\Roaming\\npm\\node_modules\\protractor\\node_modules\\selenium-webdriver\\lib\\promise.js:3084:14)\n    at TaskQueue.executeNext_ (C:\\Users\\Prashant\\AppData\\Roaming\\npm\\node_modules\\protractor\\node_modules\\selenium-webdriver\\lib\\promise.js:3067:27)\n    at asyncRun (C:\\Users\\Prashant\\AppData\\Roaming\\npm\\node_modules\\protractor\\node_modules\\selenium-webdriver\\lib\\promise.js:2927:27)\n    at C:\\Users\\Prashant\\AppData\\Roaming\\npm\\node_modules\\protractor\\node_modules\\selenium-webdriver\\lib\\promise.js:668:7\n    at <anonymous>\n    at process._tickCallback (internal/process/next_tick.js:188:7)Error\n    at ElementArrayFinder.applyAction_ (C:\\Users\\Prashant\\AppData\\Roaming\\npm\\node_modules\\protractor\\built\\element.js:459:27)\n    at ElementArrayFinder.(anonymous function).args [as click] (C:\\Users\\Prashant\\AppData\\Roaming\\npm\\node_modules\\protractor\\built\\element.js:91:29)\n    at ElementFinder.(anonymous function).args [as click] (C:\\Users\\Prashant\\AppData\\Roaming\\npm\\node_modules\\protractor\\built\\element.js:831:22)\n    at addCustomer.gotoAddCustomer (C:\\Users\\Prashant\\BankingProjectWS\\BankingProject\\pages\\addCustomer.js:17:16)\n    at UserContext.<anonymous> (C:\\Users\\Prashant\\BankingProjectWS\\BankingProject\\test_specs\\addCustomerInfo.js:12:11)\n    at C:\\Users\\Prashant\\AppData\\Roaming\\npm\\node_modules\\protractor\\node_modules\\jasminewd2\\index.js:112:25\n    at new ManagedPromise (C:\\Users\\Prashant\\AppData\\Roaming\\npm\\node_modules\\protractor\\node_modules\\selenium-webdriver\\lib\\promise.js:1077:7)\n    at ControlFlow.promise (C:\\Users\\Prashant\\AppData\\Roaming\\npm\\node_modules\\protractor\\node_modules\\selenium-webdriver\\lib\\promise.js:2505:12)\n    at schedulerExecute (C:\\Users\\Prashant\\AppData\\Roaming\\npm\\node_modules\\protractor\\node_modules\\jasminewd2\\index.js:95:18)\n    at TaskQueue.execute_ (C:\\Users\\Prashant\\AppData\\Roaming\\npm\\node_modules\\protractor\\node_modules\\selenium-webdriver\\lib\\promise.js:3084:14)\nFrom: Task: Run it(\"Adding customer\") in control flow\n    at UserContext.<anonymous> (C:\\Users\\Prashant\\AppData\\Roaming\\npm\\node_modules\\protractor\\node_modules\\jasminewd2\\index.js:94:19)\n    at attempt (C:\\Users\\Prashant\\AppData\\Roaming\\npm\\node_modules\\protractor\\node_modules\\jasmine-core\\lib\\jasmine-core\\jasmine.js:4297:26)\n    at QueueRunner.run (C:\\Users\\Prashant\\AppData\\Roaming\\npm\\node_modules\\protractor\\node_modules\\jasmine-core\\lib\\jasmine-core\\jasmine.js:4217:20)\n    at QueueRunner.execute (C:\\Users\\Prashant\\AppData\\Roaming\\npm\\node_modules\\protractor\\node_modules\\jasmine-core\\lib\\jasmine-core\\jasmine.js:4199:10)\n    at Spec.queueRunnerFactory (C:\\Users\\Prashant\\AppData\\Roaming\\npm\\node_modules\\protractor\\node_modules\\jasmine-core\\lib\\jasmine-core\\jasmine.js:909:35)\n    at Spec.execute (C:\\Users\\Prashant\\AppData\\Roaming\\npm\\node_modules\\protractor\\node_modules\\jasmine-core\\lib\\jasmine-core\\jasmine.js:526:10)\n    at UserContext.fn (C:\\Users\\Prashant\\AppData\\Roaming\\npm\\node_modules\\protractor\\node_modules\\jasmine-core\\lib\\jasmine-core\\jasmine.js:5340:37)\n    at attempt (C:\\Users\\Prashant\\AppData\\Roaming\\npm\\node_modules\\protractor\\node_modules\\jasmine-core\\lib\\jasmine-core\\jasmine.js:4297:26)\n    at QueueRunner.run (C:\\Users\\Prashant\\AppData\\Roaming\\npm\\node_modules\\protractor\\node_modules\\jasmine-core\\lib\\jasmine-core\\jasmine.js:4217:20)\n    at QueueRunner.execute (C:\\Users\\Prashant\\AppData\\Roaming\\npm\\node_modules\\protractor\\node_modules\\jasmine-core\\lib\\jasmine-core\\jasmine.js:4199:10)\nFrom asynchronous test: \nError\n    at C:\\Users\\Prashant\\BankingProjectWS\\BankingProject\\test_specs\\addCustomerInfo.js:11:2\n    at C:\\Users\\Prashant\\BankingProjectWS\\BankingProject\\node_modules\\jasmine-data-provider\\src\\index.js:25:22\n    at Array.forEach (<anonymous>)\n    at C:\\Users\\Prashant\\BankingProjectWS\\BankingProject\\node_modules\\jasmine-data-provider\\src\\index.js:20:20\n    at Suite.<anonymous> (C:\\Users\\Prashant\\BankingProjectWS\\BankingProject\\test_specs\\addCustomerInfo.js:9:2)\n    at addSpecsToSuite (C:\\Users\\Prashant\\AppData\\Roaming\\npm\\node_modules\\protractor\\node_modules\\jasmine-core\\lib\\jasmine-core\\jasmine.js:1107:25)\n    at Env.describe (C:\\Users\\Prashant\\AppData\\Roaming\\npm\\node_modules\\protractor\\node_modules\\jasmine-core\\lib\\jasmine-core\\jasmine.js:1074:7)\n    at describe (C:\\Users\\Prashant\\AppData\\Roaming\\npm\\node_modules\\protractor\\node_modules\\jasmine-core\\lib\\jasmine-core\\jasmine.js:4399:18)\n    at Object.<anonymous> (C:\\Users\\Prashant\\BankingProjectWS\\BankingProject\\test_specs\\addCustomerInfo.js:8:1)"
      },
      "testCases" : [ {
        "uid" : "549f852cbd011ba3",
        "name" : "Adding customer",
        "title" : "Adding customer",
        "time" : {
          "start" : 1539418629238,
          "stop" : 1539418729720,
          "duration" : 100482
        },
        "severity" : "NORMAL",
        "status" : "FAILED"
      }, {
        "uid" : "d1807131a05b2e28",
        "name" : "Adding customer",
        "title" : "Adding customer",
        "time" : {
          "start" : 1539418729720,
          "stop" : 1539418830887,
          "duration" : 101167
        },
        "severity" : "NORMAL",
        "status" : "FAILED"
      }, {
        "uid" : "90b6dbcdee8716a5",
        "name" : "Adding customer",
        "title" : "Adding customer",
        "time" : {
          "start" : 1539418830887,
          "stop" : 1539418931649,
          "duration" : 100762
        },
        "severity" : "NORMAL",
        "status" : "FAILED"
      }, {
        "uid" : "6a63883ea749a4ee",
        "name" : "Adding customer",
        "title" : "Adding customer",
        "time" : {
          "start" : 1539418931649,
          "stop" : 1539419032349,
          "duration" : 100700
        },
        "severity" : "NORMAL",
        "status" : "FAILED"
      } ]
    }, {
      "uid" : "babb882082ccdcba",
      "failure" : {
        "message" : "Failed: No element found using locator: By(xpath, //button[@class='btn btn-lg tab'][contains(text(),'Open Account')])",
        "stackTrace" : "NoSuchElementError: No element found using locator: By(xpath, //button[@class='btn btn-lg tab'][contains(text(),'Open Account')])\n    at elementArrayFinder.getWebElements.then (C:\\Users\\Prashant\\AppData\\Roaming\\npm\\node_modules\\protractor\\built\\element.js:814:27)\n    at ManagedPromise.invokeCallback_ (C:\\Users\\Prashant\\AppData\\Roaming\\npm\\node_modules\\protractor\\node_modules\\selenium-webdriver\\lib\\promise.js:1376:14)\n    at TaskQueue.execute_ (C:\\Users\\Prashant\\AppData\\Roaming\\npm\\node_modules\\protractor\\node_modules\\selenium-webdriver\\lib\\promise.js:3084:14)\n    at TaskQueue.executeNext_ (C:\\Users\\Prashant\\AppData\\Roaming\\npm\\node_modules\\protractor\\node_modules\\selenium-webdriver\\lib\\promise.js:3067:27)\n    at asyncRun (C:\\Users\\Prashant\\AppData\\Roaming\\npm\\node_modules\\protractor\\node_modules\\selenium-webdriver\\lib\\promise.js:2927:27)\n    at C:\\Users\\Prashant\\AppData\\Roaming\\npm\\node_modules\\protractor\\node_modules\\selenium-webdriver\\lib\\promise.js:668:7\n    at <anonymous>\n    at process._tickCallback (internal/process/next_tick.js:188:7)Error\n    at ElementArrayFinder.applyAction_ (C:\\Users\\Prashant\\AppData\\Roaming\\npm\\node_modules\\protractor\\built\\element.js:459:27)\n    at ElementArrayFinder.(anonymous function).args [as click] (C:\\Users\\Prashant\\AppData\\Roaming\\npm\\node_modules\\protractor\\built\\element.js:91:29)\n    at ElementFinder.(anonymous function).args [as click] (C:\\Users\\Prashant\\AppData\\Roaming\\npm\\node_modules\\protractor\\built\\element.js:831:22)\n    at openAccount.openCustomerAccount (C:\\Users\\Prashant\\BankingProjectWS\\BankingProject\\pages\\openAccount.js:10:26)\n    at UserContext.<anonymous> (C:\\Users\\Prashant\\BankingProjectWS\\BankingProject\\test_specs\\openAccount_spec.js:8:12)\n    at C:\\Users\\Prashant\\AppData\\Roaming\\npm\\node_modules\\protractor\\node_modules\\jasminewd2\\index.js:112:25\n    at new ManagedPromise (C:\\Users\\Prashant\\AppData\\Roaming\\npm\\node_modules\\protractor\\node_modules\\selenium-webdriver\\lib\\promise.js:1077:7)\n    at ControlFlow.promise (C:\\Users\\Prashant\\AppData\\Roaming\\npm\\node_modules\\protractor\\node_modules\\selenium-webdriver\\lib\\promise.js:2505:12)\n    at schedulerExecute (C:\\Users\\Prashant\\AppData\\Roaming\\npm\\node_modules\\protractor\\node_modules\\jasminewd2\\index.js:95:18)\n    at TaskQueue.execute_ (C:\\Users\\Prashant\\AppData\\Roaming\\npm\\node_modules\\protractor\\node_modules\\selenium-webdriver\\lib\\promise.js:3084:14)\nFrom: Task: Run it(\"Open Customer Account\") in control flow\n    at UserContext.<anonymous> (C:\\Users\\Prashant\\AppData\\Roaming\\npm\\node_modules\\protractor\\node_modules\\jasminewd2\\index.js:94:19)\n    at attempt (C:\\Users\\Prashant\\AppData\\Roaming\\npm\\node_modules\\protractor\\node_modules\\jasmine-core\\lib\\jasmine-core\\jasmine.js:4297:26)\n    at QueueRunner.run (C:\\Users\\Prashant\\AppData\\Roaming\\npm\\node_modules\\protractor\\node_modules\\jasmine-core\\lib\\jasmine-core\\jasmine.js:4217:20)\n    at QueueRunner.execute (C:\\Users\\Prashant\\AppData\\Roaming\\npm\\node_modules\\protractor\\node_modules\\jasmine-core\\lib\\jasmine-core\\jasmine.js:4199:10)\n    at Spec.queueRunnerFactory (C:\\Users\\Prashant\\AppData\\Roaming\\npm\\node_modules\\protractor\\node_modules\\jasmine-core\\lib\\jasmine-core\\jasmine.js:909:35)\n    at Spec.execute (C:\\Users\\Prashant\\AppData\\Roaming\\npm\\node_modules\\protractor\\node_modules\\jasmine-core\\lib\\jasmine-core\\jasmine.js:526:10)\n    at UserContext.fn (C:\\Users\\Prashant\\AppData\\Roaming\\npm\\node_modules\\protractor\\node_modules\\jasmine-core\\lib\\jasmine-core\\jasmine.js:5340:37)\n    at attempt (C:\\Users\\Prashant\\AppData\\Roaming\\npm\\node_modules\\protractor\\node_modules\\jasmine-core\\lib\\jasmine-core\\jasmine.js:4297:26)\n    at QueueRunner.run (C:\\Users\\Prashant\\AppData\\Roaming\\npm\\node_modules\\protractor\\node_modules\\jasmine-core\\lib\\jasmine-core\\jasmine.js:4217:20)\n    at QueueRunner.execute (C:\\Users\\Prashant\\AppData\\Roaming\\npm\\node_modules\\protractor\\node_modules\\jasmine-core\\lib\\jasmine-core\\jasmine.js:4199:10)\nFrom asynchronous test: \nError\n    at Suite.<anonymous> (C:\\Users\\Prashant\\BankingProjectWS\\BankingProject\\test_specs\\openAccount_spec.js:7:2)\n    at addSpecsToSuite (C:\\Users\\Prashant\\AppData\\Roaming\\npm\\node_modules\\protractor\\node_modules\\jasmine-core\\lib\\jasmine-core\\jasmine.js:1107:25)\n    at Env.describe (C:\\Users\\Prashant\\AppData\\Roaming\\npm\\node_modules\\protractor\\node_modules\\jasmine-core\\lib\\jasmine-core\\jasmine.js:1074:7)\n    at describe (C:\\Users\\Prashant\\AppData\\Roaming\\npm\\node_modules\\protractor\\node_modules\\jasmine-core\\lib\\jasmine-core\\jasmine.js:4399:18)\n    at Object.<anonymous> (C:\\Users\\Prashant\\BankingProjectWS\\BankingProject\\test_specs\\openAccount_spec.js:6:1)\n    at Module._compile (module.js:652:30)\n    at Object.Module._extensions..js (module.js:663:10)\n    at Module.load (module.js:565:32)\n    at tryModuleLoad (module.js:505:12)"
      },
      "testCases" : [ {
        "uid" : "61e82b9c01cb8bf6",
        "name" : "Open Customer Account",
        "title" : "Open Customer Account",
        "time" : {
          "start" : 1539419032355,
          "stop" : 1539419045607,
          "duration" : 13252
        },
        "severity" : "NORMAL",
        "status" : "FAILED"
      } ]
    } ]
  }, {
    "title" : "Test defects",
    "status" : "BROKEN",
    "defects" : [ ]
  } ]
}